<?xml version="1.0" encoding="UTF-8"?>
<testsuite name="FileServerTest" tests="1" skipped="0" failures="0" errors="0" timestamp="2022-03-27T11:12:35" hostname="DESKTOP-G9D2QQR" time="4.879">
  <properties/>
  <testcase name="start" classname="FileServerTest" time="4.879"/>
  <system-out><![CDATA[?[1;31m
Start test 1?[0m
Enter action (1 - get the file, 2 - create a file, 3 - delete the file): > exit
The request was sent.
?[1;31m
Start test 2?[0m
?[1;31m
Start test 3?[0m
Enter action (1 - get the file, 2 - create a file, 3 - delete the file): > 2
Enter name of the file: > test_purpose_test1.txt
Enter name of the file to be saved on server: > 
The request was sent.
Response says that file is saved! ID = 1648379556404
Enter action (1 - get the file, 2 - create a file, 3 - delete the file): > 2
Enter name of the file: > test_purpose_test2.txt
Enter name of the file to be saved on server: > test_purpose_newFile.txt
The request was sent.
Response says that file is saved! ID = 1648379556426
Enter action (1 - get the file, 2 - create a file, 3 - delete the file): > 1
Do you want to get the file by name or by id (1 - name, 2 - id):> 1
Enter filename: > test_purpose_notExist.txt
The request was sent.
The response says that this file is not found!
Enter action (1 - get the file, 2 - create a file, 3 - delete the file): > 1
Do you want to get the file by name or by id (1 - name, 2 - id):> 2
Enter id: > 1648379556404511
The request was sent.
The response says that this file is not found!
Enter action (1 - get the file, 2 - create a file, 3 - delete the file): > 1
Do you want to get the file by name or by id (1 - name, 2 - id):> 1
Enter filename: > test_purpose_newFile.txt
The request was sent.
The file was downloaded! Specify a name for it: > test_purpose_get.txt
File saved on the hard drive!
Enter action (1 - get the file, 2 - create a file, 3 - delete the file): > 1
Do you want to get the file by name or by id (1 - name, 2 - id):> 2
Enter id: > 1648379556404
The request was sent.
The file was downloaded! Specify a name for it: > test_purpose_get_id.txt
File saved on the hard drive!
Enter action (1 - get the file, 2 - create a file, 3 - delete the file): > exit
The request was sent.
?[1;31m
Start test 4?[0m
Enter action (1 - get the file, 2 - create a file, 3 - delete the file): > 1
Do you want to get the file by name or by id (1 - name, 2 - id):> 1
Enter filename: > test_purpose_newFile.txt
The request was sent.
The file was downloaded! Specify a name for it: > test_purpose_get_after_restart.txt
File saved on the hard drive!
Enter action (1 - get the file, 2 - create a file, 3 - delete the file): > 1
Do you want to get the file by name or by id (1 - name, 2 - id):> 2
Enter id: > 1648379556404
The request was sent.
The file was downloaded! Specify a name for it: > test_purpose_get_by_id_after_restart.txt
File saved on the hard drive!
Enter action (1 - get the file, 2 - create a file, 3 - delete the file): > exit
The request was sent.
?[1;31m
Start test 5?[0m
Enter action (1 - get the file, 2 - create a file, 3 - delete the file): > 3
Do you want to delete the file by name or by id (1 - name, 2 - id): > 1
Enter filename: > test_purpose_newFile.txt
The request was sent.
The response says that this file was deleted successfully!
Enter action (1 - get the file, 2 - create a file, 3 - delete the file): > 3
Do you want to delete the file by name or by id (1 - name, 2 - id): > 2
Enter id: > 1648379556404
The request was sent.
The response says that this file was deleted successfully!
Enter action (1 - get the file, 2 - create a file, 3 - delete the file): > exit
The request was sent.
]]></system-out>
  <system-err><![CDATA[]]></system-err>
</testsuite>
