<?xml version="1.0" encoding="UTF-8"?>
<testsuite name="MainTest" tests="1" skipped="0" failures="0" errors="0" timestamp="2022-04-11T15:48:22" hostname="DESKTOP-G9D2QQR" time="1.291">
  <properties/>
  <testcase name="start" classname="MainTest" time="1.291"/>
  <system-out><![CDATA[?[1;31m
Start test 1?[0m
test_files/doc.pdf: PDF document
test_files/text.pdf: Unknown file type
?[1;31m
Start test 2?[0m
test_files/doc.zip: Unknown file type
test_files/doc1.zip: Zip archive
?[1;31m
Start test 3?[0m
test_files/main: PCP pmview config
test_files/main.config: Unknown file type
?[1;31m
Start test 4?[0m
test_files/slides1.odp: OpenDocument presentation
test_files/slides2.odp: Unknown file type
?[1;31m
Start test 5?[0m
test_files/doc.txt: Unknown file type
test_files/txt.doc: MS Office Word 2003
?[1;31m
Start test 6?[0m
test_files/slides1.ptp: MS Office PowerPoint 2003
test_files/slides2.ptp: Unknown file type
?[1;31m
Start test 7?[0m
test_files/doc.txt: Unknown file type
test_files/txt.doc: MS Office Word 2007+
?[1;31m
Start test 8?[0m
test_files/pres1.pptx: MS Office PowerPoint 2007+
test_files/pres2.pptx: Unknown file type
?[1;31m
Start test 9?[0m
test_files/sheet1.xls: MS Office Excel 2007+
test_files/sheet2.xls: Unknown file type
?[1;31m
Start test 10?[0m
test_files/cert.pem: PEM certificate
test_files/cert_core.pem: Unknown file type
?[1;31m
Start test 11?[0m
test_files/1.jpg: ISO Media JPEG 2000
test_files/2.jpg: Unknown file type
?[1;31m
Start test 12?[0m
test_files/tape.jpg: ISO Media MP4 Base Media v2
test_files/tape.mp4: Unknown file type
?[1;31m
Start test 13?[0m
test_files/tape2.jpg: MS Office Word 2003
test_files/tape2.mp4: ISO Media MP4 Base Media v2
?[1;31m
Start test 14?[0m
test_files/tape3.jpg: PEM certificate
test_files/tape3.mp4: MS Office Word 2003
]]></system-out>
  <system-err><![CDATA[]]></system-err>
</testsuite>
